<?xml version="1.0" encoding="UTF-8"?>
<!-- Generated by org.testng.reporters.JUnitReportReporter -->
<testsuite hostname="nct001ma4570106" failures="0" tests="1" name="com.essar.multisig.testcases.MultiSignatureSaveTest" time="1.657" errors="0" timestamp="2025-01-02T10:28:04 EST" skipped="0">
  <testcase classname="com.essar.multisig.testcases.MultiSignatureSaveTest" name="saveMaxSigSaveMultiSignatureStatusContainerSuccess" time="1.657"/>
  <system-out/>
</testsuite> <!-- com.essar.multisig.testcases.MultiSignatureSaveTest -->
